1724811473.902857 client started (97079): version 3.4, socket /private/tmp/tmux-501/default, protocol 8
1724811473.902922 on Darwin 23.5.0 Darwin Kernel Version 23.5.0: Wed May  1 20:19:05 PDT 2024; root:xnu-10063.121.3~5/RELEASE_ARM64_T8112
1724811473.902935 using libevent 2.1.12-stable select
1724811473.902949 using utf8proc 2.9.0
1724811473.902959 using ncurses 6.5 20240427
1724811473.902983 flags are 0x18010000
1724811473.902992 socket is /private/tmp/tmux-501/default
1724811473.903006 trying connect
1724811473.903172 add peer 0x138008000: 6 (0x0)
1724811473.907435 sending message 100 to peer 0x138008000 (4 bytes)
1724811473.907461 sending message 111 to peer 0x138008000 (8 bytes)
1724811473.907473 sending message 101 to peer 0x138008000 (15 bytes)
1724811473.907483 sending message 109 to peer 0x138008000 (4 bytes)
1724811473.907492 sending message 102 to peer 0x138008000 (13 bytes)
1724811473.907500 sending message 108 to peer 0x138008000 (51 bytes)
1724811473.907509 sending message 112 to peer 0x138008000 (58 bytes)
1724811473.907517 sending message 112 to peer 0x138008000 (5 bytes)
1724811473.907525 sending message 112 to peer 0x138008000 (5 bytes)
1724811473.907533 sending message 112 to peer 0x138008000 (6 bytes)
1724811473.907541 sending message 112 to peer 0x138008000 (6 bytes)
1724811473.907549 sending message 112 to peer 0x138008000 (11 bytes)
1724811473.907557 sending message 112 to peer 0x138008000 (10 bytes)
1724811473.907566 sending message 112 to peer 0x138008000 (13 bytes)
1724811473.907573 sending message 112 to peer 0x138008000 (14 bytes)
1724811473.907581 sending message 112 to peer 0x138008000 (19 bytes)
1724811473.907589 sending message 112 to peer 0x138008000 (11 bytes)
1724811473.907597 sending message 112 to peer 0x138008000 (10 bytes)
1724811473.907605 sending message 112 to peer 0x138008000 (15 bytes)
1724811473.907612 sending message 112 to peer 0x138008000 (21 bytes)
1724811473.907620 sending message 112 to peer 0x138008000 (13 bytes)
1724811473.907628 sending message 112 to peer 0x138008000 (7 bytes)
1724811473.907636 sending message 112 to peer 0x138008000 (13 bytes)
1724811473.907643 sending message 112 to peer 0x138008000 (7 bytes)
1724811473.907651 sending message 112 to peer 0x138008000 (13 bytes)
1724811473.907659 sending message 112 to peer 0x138008000 (9 bytes)
1724811473.907667 sending message 112 to peer 0x138008000 (21 bytes)
1724811473.907674 sending message 112 to peer 0x138008000 (13 bytes)
1724811473.907682 sending message 112 to peer 0x138008000 (9 bytes)
1724811473.907690 sending message 112 to peer 0x138008000 (16 bytes)
1724811473.907697 sending message 112 to peer 0x138008000 (13 bytes)
1724811473.907705 sending message 112 to peer 0x138008000 (9 bytes)
1724811473.907713 sending message 112 to peer 0x138008000 (9 bytes)
1724811473.907720 sending message 112 to peer 0x138008000 (12 bytes)
1724811473.907728 sending message 112 to peer 0x138008000 (8 bytes)
1724811473.907735 sending message 112 to peer 0x138008000 (8 bytes)
1724811473.907743 sending message 112 to peer 0x138008000 (13 bytes)
1724811473.907751 sending message 112 to peer 0x138008000 (7 bytes)
1724811473.907758 sending message 112 to peer 0x138008000 (7 bytes)
1724811473.907766 sending message 112 to peer 0x138008000 (9 bytes)
1724811473.907773 sending message 112 to peer 0x138008000 (9 bytes)
1724811473.907781 sending message 112 to peer 0x138008000 (15 bytes)
1724811473.907789 sending message 112 to peer 0x138008000 (13 bytes)
1724811473.907796 sending message 112 to peer 0x138008000 (12 bytes)
1724811473.907804 sending message 112 to peer 0x138008000 (8 bytes)
1724811473.907812 sending message 112 to peer 0x138008000 (14 bytes)
1724811473.907819 sending message 112 to peer 0x138008000 (11 bytes)
1724811473.907827 sending message 112 to peer 0x138008000 (9 bytes)
1724811473.907834 sending message 112 to peer 0x138008000 (10 bytes)
1724811473.907842 sending message 112 to peer 0x138008000 (10 bytes)
1724811473.907850 sending message 112 to peer 0x138008000 (10 bytes)
1724811473.907857 sending message 112 to peer 0x138008000 (10 bytes)
1724811473.907888 sending message 112 to peer 0x138008000 (11 bytes)
1724811473.907895 sending message 112 to peer 0x138008000 (12 bytes)
1724811473.907901 sending message 112 to peer 0x138008000 (12 bytes)
1724811473.907906 sending message 112 to peer 0x138008000 (12 bytes)
1724811473.907912 sending message 112 to peer 0x138008000 (12 bytes)
1724811473.907918 sending message 112 to peer 0x138008000 (12 bytes)
1724811473.907923 sending message 112 to peer 0x138008000 (11 bytes)
1724811473.907929 sending message 112 to peer 0x138008000 (11 bytes)
1724811473.907935 sending message 112 to peer 0x138008000 (12 bytes)
1724811473.907940 sending message 112 to peer 0x138008000 (12 bytes)
1724811473.907946 sending message 112 to peer 0x138008000 (12 bytes)
1724811473.907951 sending message 112 to peer 0x138008000 (12 bytes)
1724811473.907957 sending message 112 to peer 0x138008000 (12 bytes)
1724811473.907962 sending message 112 to peer 0x138008000 (9 bytes)
1724811473.907968 sending message 112 to peer 0x138008000 (12 bytes)
1724811473.907973 sending message 112 to peer 0x138008000 (13 bytes)
1724811473.907979 sending message 112 to peer 0x138008000 (13 bytes)
1724811473.907984 sending message 112 to peer 0x138008000 (13 bytes)
1724811473.907990 sending message 112 to peer 0x138008000 (13 bytes)
1724811473.907995 sending message 112 to peer 0x138008000 (13 bytes)
1724811473.908001 sending message 112 to peer 0x138008000 (8 bytes)
1724811473.908006 sending message 112 to peer 0x138008000 (11 bytes)
1724811473.908011 sending message 112 to peer 0x138008000 (11 bytes)
1724811473.908018 sending message 112 to peer 0x138008000 (11 bytes)
1724811473.908023 sending message 112 to peer 0x138008000 (12 bytes)
1724811473.908029 sending message 112 to peer 0x138008000 (12 bytes)
1724811473.908034 sending message 112 to peer 0x138008000 (12 bytes)
1724811473.908040 sending message 112 to peer 0x138008000 (12 bytes)
1724811473.908045 sending message 112 to peer 0x138008000 (13 bytes)
1724811473.908050 sending message 112 to peer 0x138008000 (13 bytes)
1724811473.908056 sending message 112 to peer 0x138008000 (13 bytes)
1724811473.908061 sending message 112 to peer 0x138008000 (8 bytes)
1724811473.908067 sending message 112 to peer 0x138008000 (13 bytes)
1724811473.908072 sending message 112 to peer 0x138008000 (13 bytes)
1724811473.908077 sending message 112 to peer 0x138008000 (13 bytes)
1724811473.908083 sending message 112 to peer 0x138008000 (13 bytes)
1724811473.908088 sending message 112 to peer 0x138008000 (13 bytes)
1724811473.908094 sending message 112 to peer 0x138008000 (12 bytes)
1724811473.908099 sending message 112 to peer 0x138008000 (12 bytes)
1724811473.908105 sending message 112 to peer 0x138008000 (12 bytes)
1724811473.908110 sending message 112 to peer 0x138008000 (12 bytes)
1724811473.908115 sending message 112 to peer 0x138008000 (13 bytes)
1724811473.908121 sending message 112 to peer 0x138008000 (8 bytes)
1724811473.908126 sending message 112 to peer 0x138008000 (13 bytes)
1724811473.908132 sending message 112 to peer 0x138008000 (13 bytes)
1724811473.908137 sending message 112 to peer 0x138008000 (13 bytes)
1724811473.908143 sending message 112 to peer 0x138008000 (13 bytes)
1724811473.908148 sending message 112 to peer 0x138008000 (13 bytes)
1724811473.908153 sending message 112 to peer 0x138008000 (13 bytes)
1724811473.908159 sending message 112 to peer 0x138008000 (13 bytes)
1724811473.908164 sending message 112 to peer 0x138008000 (12 bytes)
1724811473.908170 sending message 112 to peer 0x138008000 (12 bytes)
1724811473.908175 sending message 112 to peer 0x138008000 (12 bytes)
1724811473.908181 sending message 112 to peer 0x138008000 (8 bytes)
1724811473.908186 sending message 112 to peer 0x138008000 (12 bytes)
1724811473.908191 sending message 112 to peer 0x138008000 (13 bytes)
1724811473.908197 sending message 112 to peer 0x138008000 (13 bytes)
1724811473.908202 sending message 112 to peer 0x138008000 (13 bytes)
1724811473.908208 sending message 112 to peer 0x138008000 (13 bytes)
1724811473.908213 sending message 112 to peer 0x138008000 (13 bytes)
1724811473.908229 sending message 112 to peer 0x138008000 (13 bytes)
1724811473.908235 sending message 112 to peer 0x138008000 (13 bytes)
1724811473.908241 sending message 112 to peer 0x138008000 (13 bytes)
1724811473.908246 sending message 112 to peer 0x138008000 (12 bytes)
1724811473.908252 sending message 112 to peer 0x138008000 (10 bytes)
1724811473.908257 sending message 112 to peer 0x138008000 (12 bytes)
1724811473.908263 sending message 112 to peer 0x138008000 (12 bytes)
1724811473.908268 sending message 112 to peer 0x138008000 (12 bytes)
1724811473.908274 sending message 112 to peer 0x138008000 (13 bytes)
1724811473.908279 sending message 112 to peer 0x138008000 (13 bytes)
1724811473.908284 sending message 112 to peer 0x138008000 (13 bytes)
1724811473.908290 sending message 112 to peer 0x138008000 (13 bytes)
1724811473.908295 sending message 112 to peer 0x138008000 (13 bytes)
1724811473.908301 sending message 112 to peer 0x138008000 (13 bytes)
1724811473.908306 sending message 112 to peer 0x138008000 (13 bytes)
1724811473.908312 sending message 112 to peer 0x138008000 (10 bytes)
1724811473.908317 sending message 112 to peer 0x138008000 (13 bytes)
1724811473.908323 sending message 112 to peer 0x138008000 (12 bytes)
1724811473.908328 sending message 112 to peer 0x138008000 (12 bytes)
1724811473.908333 sending message 112 to peer 0x138008000 (12 bytes)
1724811473.908339 sending message 112 to peer 0x138008000 (10 bytes)
1724811473.908344 sending message 112 to peer 0x138008000 (10 bytes)
1724811473.908350 sending message 112 to peer 0x138008000 (10 bytes)
1724811473.908355 sending message 112 to peer 0x138008000 (12 bytes)
1724811473.908361 sending message 112 to peer 0x138008000 (13 bytes)
1724811473.908366 sending message 112 to peer 0x138008000 (13 bytes)
1724811473.908371 sending message 112 to peer 0x138008000 (13 bytes)
1724811473.908377 sending message 112 to peer 0x138008000 (13 bytes)
1724811473.908382 sending message 112 to peer 0x138008000 (13 bytes)
1724811473.908388 sending message 112 to peer 0x138008000 (10 bytes)
1724811473.908393 sending message 112 to peer 0x138008000 (11 bytes)
1724811473.908399 sending message 112 to peer 0x138008000 (12 bytes)
1724811473.908404 sending message 112 to peer 0x138008000 (12 bytes)
1724811473.908410 sending message 112 to peer 0x138008000 (12 bytes)
1724811473.908415 sending message 112 to peer 0x138008000 (12 bytes)
1724811473.908421 sending message 112 to peer 0x138008000 (12 bytes)
1724811473.908426 sending message 112 to peer 0x138008000 (11 bytes)
1724811473.908431 sending message 112 to peer 0x138008000 (12 bytes)
1724811473.908437 sending message 112 to peer 0x138008000 (12 bytes)
1724811473.908443 sending message 112 to peer 0x138008000 (13 bytes)
1724811473.908447 sending message 112 to peer 0x138008000 (13 bytes)
1724811473.908452 sending message 112 to peer 0x138008000 (13 bytes)
1724811473.908456 sending message 112 to peer 0x138008000 (13 bytes)
1724811473.908461 sending message 112 to peer 0x138008000 (13 bytes)
1724811473.908465 sending message 112 to peer 0x138008000 (10 bytes)
1724811473.908469 sending message 112 to peer 0x138008000 (9 bytes)
1724811473.908474 sending message 112 to peer 0x138008000 (12 bytes)
1724811473.908478 sending message 112 to peer 0x138008000 (13 bytes)
1724811473.908483 sending message 112 to peer 0x138008000 (13 bytes)
1724811473.908487 sending message 112 to peer 0x138008000 (13 bytes)
1724811473.908491 sending message 112 to peer 0x138008000 (13 bytes)
1724811473.908496 sending message 112 to peer 0x138008000 (13 bytes)
1724811473.908500 sending message 112 to peer 0x138008000 (9 bytes)
1724811473.908505 sending message 112 to peer 0x138008000 (12 bytes)
1724811473.908509 sending message 112 to peer 0x138008000 (13 bytes)
1724811473.908514 sending message 112 to peer 0x138008000 (13 bytes)
1724811473.908518 sending message 112 to peer 0x138008000 (13 bytes)
1724811473.908523 sending message 112 to peer 0x138008000 (13 bytes)
1724811473.908527 sending message 112 to peer 0x138008000 (13 bytes)
1724811473.908538 sending message 112 to peer 0x138008000 (11 bytes)
1724811473.908542 sending message 112 to peer 0x138008000 (12 bytes)
1724811473.908547 sending message 112 to peer 0x138008000 (13 bytes)
1724811473.908551 sending message 112 to peer 0x138008000 (13 bytes)
1724811473.908556 sending message 112 to peer 0x138008000 (13 bytes)
1724811473.908560 sending message 112 to peer 0x138008000 (13 bytes)
1724811473.908565 sending message 112 to peer 0x138008000 (13 bytes)
1724811473.908569 sending message 112 to peer 0x138008000 (11 bytes)
1724811473.908574 sending message 112 to peer 0x138008000 (12 bytes)
1724811473.908578 sending message 112 to peer 0x138008000 (12 bytes)
1724811473.908583 sending message 112 to peer 0x138008000 (12 bytes)
1724811473.908587 sending message 112 to peer 0x138008000 (12 bytes)
1724811473.908591 sending message 112 to peer 0x138008000 (12 bytes)
1724811473.908596 sending message 112 to peer 0x138008000 (21 bytes)
1724811473.908600 sending message 112 to peer 0x138008000 (12 bytes)
1724811473.908605 sending message 112 to peer 0x138008000 (9 bytes)
1724811473.908609 sending message 112 to peer 0x138008000 (6 bytes)
1724811473.908614 sending message 112 to peer 0x138008000 (13 bytes)
1724811473.908618 sending message 112 to peer 0x138008000 (10 bytes)
1724811473.908623 sending message 112 to peer 0x138008000 (24 bytes)
1724811473.908627 sending message 112 to peer 0x138008000 (13 bytes)
1724811473.908631 sending message 112 to peer 0x138008000 (9 bytes)
1724811473.908636 sending message 112 to peer 0x138008000 (70 bytes)
1724811473.908640 sending message 112 to peer 0x138008000 (69 bytes)
1724811473.908645 sending message 112 to peer 0x138008000 (12 bytes)
1724811473.908649 sending message 112 to peer 0x138008000 (10 bytes)
1724811473.908654 sending message 112 to peer 0x138008000 (10 bytes)
1724811473.908658 sending message 112 to peer 0x138008000 (24 bytes)
1724811473.908663 sending message 112 to peer 0x138008000 (13 bytes)
1724811473.908667 sending message 112 to peer 0x138008000 (10 bytes)
1724811473.908671 sending message 112 to peer 0x138008000 (10 bytes)
1724811473.908676 sending message 112 to peer 0x138008000 (10 bytes)
1724811473.908680 sending message 112 to peer 0x138008000 (13 bytes)
1724811473.908685 sending message 112 to peer 0x138008000 (15 bytes)
1724811473.908689 sending message 112 to peer 0x138008000 (5 bytes)
1724811473.908695 sending message 104 to peer 0x138008000 (0 bytes)
1724811473.908701 sending message 110 to peer 0x138008000 (0 bytes)
1724811473.908705 sending message 107 to peer 0x138008000 (4 bytes)
1724811473.908710 sending message 105 to peer 0x138008000 (17 bytes)
1724811473.908715 sending message 105 to peer 0x138008000 (17 bytes)
1724811473.908719 sending message 105 to peer 0x138008000 (24 bytes)
1724811473.908723 sending message 105 to peer 0x138008000 (22 bytes)
1724811473.908728 sending message 105 to peer 0x138008000 (42 bytes)
1724811473.908733 sending message 105 to peer 0x138008000 (287 bytes)
1724811473.908737 sending message 105 to peer 0x138008000 (24 bytes)
1724811473.908742 sending message 105 to peer 0x138008000 (15 bytes)
1724811473.908746 sending message 105 to peer 0x138008000 (54 bytes)
1724811473.908751 sending message 105 to peer 0x138008000 (38 bytes)
1724811473.908755 sending message 105 to peer 0x138008000 (19 bytes)
1724811473.908760 sending message 105 to peer 0x138008000 (66 bytes)
1724811473.908764 sending message 105 to peer 0x138008000 (14 bytes)
1724811473.908769 sending message 105 to peer 0x138008000 (20 bytes)
1724811473.908773 sending message 105 to peer 0x138008000 (57 bytes)
1724811473.908777 sending message 105 to peer 0x138008000 (39 bytes)
1724811473.908782 sending message 105 to peer 0x138008000 (8 bytes)
1724811473.908786 sending message 105 to peer 0x138008000 (55 bytes)
1724811473.908791 sending message 105 to peer 0x138008000 (58 bytes)
1724811473.908795 sending message 105 to peer 0x138008000 (13 bytes)
1724811473.908800 sending message 105 to peer 0x138008000 (12 bytes)
1724811473.908813 sending message 105 to peer 0x138008000 (12 bytes)
1724811473.908818 sending message 105 to peer 0x138008000 (11 bytes)
1724811473.908822 sending message 105 to peer 0x138008000 (17 bytes)
1724811473.908827 sending message 105 to peer 0x138008000 (31 bytes)
1724811473.908832 sending message 105 to peer 0x138008000 (30 bytes)
1724811473.908836 sending message 105 to peer 0x138008000 (37 bytes)
1724811473.908841 sending message 105 to peer 0x138008000 (34 bytes)
1724811473.908845 sending message 105 to peer 0x138008000 (94 bytes)
1724811473.908850 sending message 105 to peer 0x138008000 (60 bytes)
1724811473.908854 sending message 105 to peer 0x138008000 (19 bytes)
1724811473.908859 sending message 105 to peer 0x138008000 (38 bytes)
1724811473.908863 sending message 105 to peer 0x138008000 (11 bytes)
1724811473.908867 sending message 105 to peer 0x138008000 (20 bytes)
1724811473.908872 sending message 105 to peer 0x138008000 (20 bytes)
1724811473.908876 sending message 105 to peer 0x138008000 (28 bytes)
1724811473.908881 sending message 105 to peer 0x138008000 (20 bytes)
1724811473.908885 sending message 105 to peer 0x138008000 (103 bytes)
1724811473.908890 sending message 105 to peer 0x138008000 (142 bytes)
1724811473.908894 sending message 105 to peer 0x138008000 (31 bytes)
1724811473.908899 sending message 105 to peer 0x138008000 (120 bytes)
1724811473.908903 sending message 105 to peer 0x138008000 (98 bytes)
1724811473.908908 sending message 105 to peer 0x138008000 (19 bytes)
1724811473.908912 sending message 105 to peer 0x138008000 (27 bytes)
1724811473.908917 sending message 105 to peer 0x138008000 (32 bytes)
1724811473.908921 sending message 105 to peer 0x138008000 (25 bytes)
1724811473.908926 sending message 106 to peer 0x138008000 (0 bytes)
1724811473.909043 sending message 200 to peer 0x138008000 (4 bytes)
1724811473.909054 client loop enter
1724811473.929034 peer 0x138008000 message 207
1724811473.929057 sending message 208 to peer 0x138008000 (0 bytes)
1724812165.293952 client_signal: Hangup: 1
1724812165.296314 sending message 205 to peer 0x138008000 (0 bytes)
1724812165.298095 peer 0x138008000 message 204
1724812165.298150 client loop exit
